<?xml version="1.0" encoding="UTF-8"?>
<!-- Generated by org.testng.reporters.JUnitReportReporter -->
<testsuite hostname="ATMECSINLT-601" failures="0" tests="2" name="com.atmecs.dataprovider.FacebookLoginTest" time="24.909" errors="0" timestamp="2020-09-23T19:45:39 IST" skipped="0">
  <testcase classname="com.atmecs.dataprovider.FacebookLoginTest" name="loginTest" time="9.694"/>
  <system-out/>
  <testcase classname="com.atmecs.dataprovider.FacebookLoginTest" name="loginTest" time="15.215"/>
  <system-out/>
</testsuite> <!-- com.atmecs.dataprovider.FacebookLoginTest -->
