<?xml version="1.0" encoding="UTF-8"?>
<!-- Generated by org.testng.reporters.JUnitReportReporter -->
<testsuite hostname="ATMECSINLT-601" failures="0" tests="1" name="com.atmecs.demo_blazesite.AddProductToCartTest" time="7.360" errors="0" timestamp="2020-09-23T11:43:35 IST" skipped="0">
  <testcase classname="com.atmecs.demo_blazesite.AddProductToCartTest" name="selectAndAddToCartProduct" time="7.360"/>
  <system-out/>
</testsuite> <!-- com.atmecs.demo_blazesite.AddProductToCartTest -->
