<?xml version="1.0" encoding="UTF-8"?>
<!-- Generated by org.testng.reporters.JUnitReportReporter -->
<testsuite hostname="ATMECSINLT-601" failures="0" tests="5" name="com.atmecs.demo_blazesite.ContactUs" time="46.544" errors="0" timestamp="2020-09-28T20:06:12 IST" skipped="0">
  <testcase classname="com.atmecs.demo_blazesite.ContactUs" name="contactUs" time="7.344"/>
  <system-out/>
  <testcase classname="com.atmecs.demo_blazesite.ContactUs" name="contactUs" time="7.603"/>
  <system-out/>
  <testcase classname="com.atmecs.demo_blazesite.ContactUs" name="contactUs" time="12.239"/>
  <system-out/>
  <testcase classname="com.atmecs.demo_blazesite.ContactUs" name="contactUs" time="7.250"/>
  <system-out/>
  <testcase classname="com.atmecs.demo_blazesite.ContactUs" name="contactUs" time="12.108"/>
  <system-out/>
</testsuite> <!-- com.atmecs.demo_blazesite.ContactUs -->
