<?xml version="1.0" encoding="UTF-8"?>
<!-- Generated by org.testng.reporters.JUnitReportReporter -->
<testsuite hostname="ATMECSINLT-601" failures="0" tests="1" name="com.atmecs.demo_blazesite.AddProductToCartTest" time="4.916" errors="0" timestamp="2020-09-23T14:42:01 IST" skipped="0">
  <testcase classname="com.atmecs.demo_blazesite.AddProductToCartTest" name="selectAndAddToCartProduct" time="4.916"/>
  <system-out/>
</testsuite> <!-- com.atmecs.demo_blazesite.AddProductToCartTest -->
