<?xml version="1.0" encoding="UTF-8"?>
<!-- Generated by org.testng.reporters.JUnitReportReporter -->
<testsuite hostname="ATMECSINLT-601" failures="0" tests="1" name="com.atmecs.demo_blazesite.ContactUsTest" time="0.659" errors="0" timestamp="2020-09-23T11:43:35 IST" skipped="0">
  <testcase classname="com.atmecs.demo_blazesite.ContactUsTest" name="contactUsScript" time="0.659"/>
  <system-out/>
</testsuite> <!-- com.atmecs.demo_blazesite.ContactUsTest -->
