<?xml version="1.0" encoding="UTF-8"?>
<!-- Generated by org.testng.reporters.JUnitReportReporter -->
<testsuite hostname="ATMECSINLT-601" failures="0" tests="1" name="com.atmecs.demo_blazesite.LogInTest" time="0.415" errors="0" timestamp="2020-09-23T14:42:01 IST" skipped="0">
  <testcase classname="com.atmecs.demo_blazesite.LogInTest" name="logInTest" time="0.415"/>
  <system-out/>
</testsuite> <!-- com.atmecs.demo_blazesite.LogInTest -->
