<?xml version="1.0" encoding="UTF-8"?>
<!-- Generated by org.testng.reporters.JUnitReportReporter -->
<testsuite hostname="ATMECSINLT-601" failures="0" tests="5" name="com.atmecs.demo_blazesite.SignIn" time="44.495" errors="0" timestamp="2020-09-28T20:06:12 IST" skipped="0">
  <testcase classname="com.atmecs.demo_blazesite.SignIn" name="signIn" time="9.753"/>
  <system-out/>
  <testcase classname="com.atmecs.demo_blazesite.SignIn" name="signIn" time="8.434"/>
  <system-out/>
  <testcase classname="com.atmecs.demo_blazesite.SignIn" name="signIn" time="8.465"/>
  <system-out/>
  <testcase classname="com.atmecs.demo_blazesite.SignIn" name="signIn" time="8.665"/>
  <system-out/>
  <testcase classname="com.atmecs.demo_blazesite.SignIn" name="signIn" time="9.178"/>
  <system-out/>
</testsuite> <!-- com.atmecs.demo_blazesite.SignIn -->
