<?xml version="1.0" encoding="UTF-8"?>
<!-- Generated by org.testng.reporters.JUnitReportReporter -->
<testsuite hostname="ATMECSINLT-601" failures="0" tests="5" name="com.atmecs.demo_blazesite.Login" time="37.843" errors="0" timestamp="2020-09-28T20:06:12 IST" skipped="0">
  <testcase classname="com.atmecs.demo_blazesite.Login" name="logIn" time="8.029"/>
  <system-out/>
  <testcase classname="com.atmecs.demo_blazesite.Login" name="logIn" time="6.882"/>
  <system-out/>
  <testcase classname="com.atmecs.demo_blazesite.Login" name="logIn" time="7.855"/>
  <system-out/>
  <testcase classname="com.atmecs.demo_blazesite.Login" name="logIn" time="7.272"/>
  <system-out/>
  <testcase classname="com.atmecs.demo_blazesite.Login" name="logIn" time="7.805"/>
  <system-out/>
</testsuite> <!-- com.atmecs.demo_blazesite.Login -->
