<?xml version="1.0" encoding="UTF-8"?>
<!-- Generated by org.testng.reporters.JUnitReportReporter -->
<testsuite hostname="ATMECSINLT-601" failures="0" tests="1" name="com.atmecs.demo_blazesite.AddProduct" time="16.327" errors="0" timestamp="2020-09-28T20:06:12 IST" skipped="0">
  <testcase classname="com.atmecs.demo_blazesite.AddProduct" name="addProduct" time="16.327"/>
  <system-out/>
</testsuite> <!-- com.atmecs.demo_blazesite.AddProduct -->
