<?xml version="1.0" encoding="UTF-8"?>
<!-- Generated by org.testng.reporters.JUnitReportReporter -->
<testsuite hostname="ATMECSINLT-601" failures="0" tests="2" name="com.atmesc.data_providers.FacebookLoginTest" time="20.782" errors="0" timestamp="2020-09-25T11:45:01 IST" skipped="0">
  <testcase classname="com.atmesc.data_providers.FacebookLoginTest" name="loginTest" time="9.515"/>
  <system-out/>
  <testcase classname="com.atmesc.data_providers.FacebookLoginTest" name="loginTest" time="11.267"/>
  <system-out/>
</testsuite> <!-- com.atmesc.data_providers.FacebookLoginTest -->
