<?xml version="1.0" encoding="UTF-8"?>
<!-- Generated by org.testng.reporters.JUnitReportReporter -->
<testsuite hostname="ATMECSINLT-601" failures="0" tests="2" name="com.atmesc.data_providers.FacebookLoginTest" time="46.854" errors="0" timestamp="2020-09-24T16:45:17 IST" skipped="0">
  <testcase classname="com.atmesc.data_providers.FacebookLoginTest" name="loginTest" time="35.346"/>
  <system-out/>
  <testcase classname="com.atmesc.data_providers.FacebookLoginTest" name="loginTest" time="11.508"/>
  <system-out/>
</testsuite> <!-- com.atmesc.data_providers.FacebookLoginTest -->
