<?xml version="1.0" encoding="UTF-8"?>
<!-- Generated by org.testng.reporters.JUnitReportReporter -->
<testsuite hostname="ATMECSINLT-601" failures="0" tests="2" name="com.atmesc.data_providers.FacebookLoginTest" time="17.961" errors="0" timestamp="2020-09-23T20:26:01 IST" skipped="0">
  <testcase classname="com.atmesc.data_providers.FacebookLoginTest" name="loginTest" time="9.502"/>
  <system-out/>
  <testcase classname="com.atmesc.data_providers.FacebookLoginTest" name="loginTest" time="8.459"/>
  <system-out/>
</testsuite> <!-- com.atmesc.data_providers.FacebookLoginTest -->
