<?xml version="1.0" encoding="UTF-8"?>
<!-- Generated by org.testng.reporters.JUnitReportReporter -->
<testsuite hostname="ATMECSINLT-601" failures="0" tests="1" name="com.atemcs.demo_automation.HandlingWindows" time="18.352" errors="0" timestamp="2020-09-23T13:40:02 IST" skipped="0">
  <testcase classname="com.atemcs.demo_automation.HandlingWindows" name="windowsHandling" time="18.352"/>
  <system-out/>
</testsuite> <!-- com.atemcs.demo_automation.HandlingWindows -->
