<?xml version="1.0" encoding="UTF-8"?>
<!-- Generated by org.testng.reporters.JUnitReportReporter -->
<testsuite hostname="ATMECSINLT-601" failures="0" tests="1" name="com.atemcs.demo_automation.Registration" time="18.213" errors="0" timestamp="2020-09-25T15:52:59 IST" skipped="0">
  <testcase classname="com.atemcs.demo_automation.Registration" name="registration" time="18.213"/>
  <system-out/>
</testsuite> <!-- com.atemcs.demo_automation.Registration -->
