<?xml version="1.0" encoding="UTF-8"?>
<!-- Generated by org.testng.reporters.JUnitReportReporter -->
<testsuite hostname="ATMECSINLT-601" failures="0" tests="1" name="com.atemcs.demo_automation.HandlingIconWindows" time="23.535" errors="0" timestamp="2020-09-28T18:53:07 IST" skipped="0">
  <testcase classname="com.atemcs.demo_automation.HandlingIconWindows" name="handlingIconWindows" time="23.535"/>
  <system-out/>
</testsuite> <!-- com.atemcs.demo_automation.HandlingIconWindows -->
