<?xml version="1.0" encoding="UTF-8"?>
<!-- Generated by org.testng.reporters.JUnitReportReporter -->
<testsuite hostname="ATMECSINLT-601" failures="0" tests="1" name="com.atemcs.demo_automation.HandlingIconWindows" time="69.522" errors="0" timestamp="2020-09-25T15:31:40 IST" skipped="0">
  <testcase classname="com.atemcs.demo_automation.HandlingIconWindows" name="handlingIconWindows" time="69.522"/>
  <system-out/>
</testsuite> <!-- com.atemcs.demo_automation.HandlingIconWindows -->
