<?xml version="1.0" encoding="UTF-8"?>
<!-- Generated by org.testng.reporters.JUnitReportReporter -->
<testsuite hostname="ATMECSINLT-601" failures="0" tests="5" name="com.atemcs.demo_automation.Registration" time="83.872" errors="0" timestamp="2020-09-28T18:53:07 IST" skipped="0">
  <testcase classname="com.atemcs.demo_automation.Registration" name="registration" time="13.419"/>
  <system-out/>
  <testcase classname="com.atemcs.demo_automation.Registration" name="registration" time="12.545"/>
  <system-out/>
  <testcase classname="com.atemcs.demo_automation.Registration" name="registration" time="24.371"/>
  <system-out/>
  <testcase classname="com.atemcs.demo_automation.Registration" name="registration" time="16.659"/>
  <system-out/>
  <testcase classname="com.atemcs.demo_automation.Registration" name="registration" time="16.878"/>
  <system-out/>
</testsuite> <!-- com.atemcs.demo_automation.Registration -->
