<?xml version="1.0" encoding="UTF-8"?>
<!-- Generated by org.testng.reporters.JUnitReportReporter -->
<testsuite hostname="ATMECSINLT-601" failures="0" tests="1" name="com.atemcs.demo_automation.RegistrationFormFilling" time="3.260" errors="0" timestamp="2020-09-23T14:38:35 IST" skipped="0">
  <testcase classname="com.atemcs.demo_automation.RegistrationFormFilling" name="registerationTest" time="3.260"/>
  <system-out/>
</testsuite> <!-- com.atemcs.demo_automation.RegistrationFormFilling -->
