<?xml version="1.0" encoding="UTF-8"?>
<!-- Generated by org.testng.reporters.JUnitReportReporter -->
<testsuite hostname="ATMECSINLT-601" failures="0" tests="2" name="com.atmecs.dataProviders.LoginTest" time="21.687" errors="0" timestamp="2020-09-23T16:55:31 IST" skipped="0">
  <testcase classname="com.atmecs.dataProviders.LoginTest" name="loginTest" time="10.824"/>
  <system-out/>
  <testcase classname="com.atmecs.dataProviders.LoginTest" name="loginTest" time="10.863"/>
  <system-out/>
</testsuite> <!-- com.atmecs.dataProviders.LoginTest -->
