<?xml version="1.0" encoding="UTF-8"?>
<!-- Generated by org.testng.reporters.JUnitReportReporter -->
<testsuite hostname="ATMECSINLT-601" failures="0" tests="6" name="com.atmecs.handling_frames.HandlingFrames" time="110.866" errors="0" timestamp="2020-09-28T18:11:36 IST" skipped="0">
  <testcase classname="com.atmecs.handling_frames.HandlingFrames" name="handlingFrames" time="18.848"/>
  <system-out/>
  <testcase classname="com.atmecs.handling_frames.HandlingFrames" name="handlingFrames" time="18.701"/>
  <system-out/>
  <testcase classname="com.atmecs.handling_frames.HandlingFrames" name="handlingFrames" time="19.328"/>
  <system-out/>
  <testcase classname="com.atmecs.handling_frames.HandlingFrames" name="handlingFrames" time="18.514"/>
  <system-out/>
  <testcase classname="com.atmecs.handling_frames.HandlingFrames" name="handlingFrames" time="17.615"/>
  <system-out/>
  <testcase classname="com.atmecs.handling_frames.HandlingFrames" name="handlingFrames" time="17.860"/>
  <system-out/>
</testsuite> <!-- com.atmecs.handling_frames.HandlingFrames -->
