<?xml version="1.0" encoding="UTF-8"?>
<!-- Generated by org.testng.reporters.JUnitReportReporter -->
<testsuite hostname="ATMECSINLT-601" failures="0" tests="1" name="com.atmecs.handling_frames.HandlingFrames" time="17.108" errors="0" timestamp="2020-09-25T16:13:39 IST" skipped="0">
  <testcase classname="com.atmecs.handling_frames.HandlingFrames" name="handlingFrames" time="17.108"/>
  <system-out/>
</testsuite> <!-- com.atmecs.handling_frames.HandlingFrames -->
