<?xml version="1.0" encoding="UTF-8"?>
<!-- Generated by org.testng.reporters.JUnitReportReporter -->
<testsuite hostname="ATMECSINLT-601" failures="0" tests="6" name="com.atmecs.automating_travelsite.SearchingFlight" time="153.734" errors="0" timestamp="2020-09-28T20:30:56 IST" skipped="0">
  <testcase classname="com.atmecs.automating_travelsite.SearchingFlight" name="searchingFlight" time="15.436"/>
  <system-out/>
  <testcase classname="com.atmecs.automating_travelsite.SearchingFlight" name="searchingFlight" time="34.458"/>
  <system-out/>
  <testcase classname="com.atmecs.automating_travelsite.SearchingFlight" name="searchingFlight" time="29.345"/>
  <system-out/>
  <testcase classname="com.atmecs.automating_travelsite.SearchingFlight" name="searchingFlight" time="16.754"/>
  <system-out/>
  <testcase classname="com.atmecs.automating_travelsite.SearchingFlight" name="searchingFlight" time="31.431"/>
  <system-out/>
  <testcase classname="com.atmecs.automating_travelsite.SearchingFlight" name="searchingFlight" time="26.310"/>
  <system-out/>
</testsuite> <!-- com.atmecs.automating_travelsite.SearchingFlight -->
