<?xml version="1.0" encoding="UTF-8"?>
<!-- Generated by org.testng.reporters.JUnitReportReporter -->
<testsuite hostname="ATMECSINLT-601" failures="0" tests="3" name="com.atmecs.automating_travelsite.SearchingFlight" time="47.626" errors="0" timestamp="2020-09-28T15:30:11 IST" skipped="0">
  <testcase classname="com.atmecs.automating_travelsite.SearchingFlight" name="searchingFlight" time="17.779"/>
  <system-out/>
  <testcase classname="com.atmecs.automating_travelsite.SearchingFlight" name="searchingFlight" time="12.052"/>
  <system-out/>
  <testcase classname="com.atmecs.automating_travelsite.SearchingFlight" name="searchingFlight" time="17.795"/>
  <system-out/>
</testsuite> <!-- com.atmecs.automating_travelsite.SearchingFlight -->
