<?xml version="1.0" encoding="UTF-8"?>
<!-- Generated by org.testng.reporters.JUnitReportReporter -->
<testsuite hostname="ATMECSINLT-601" failures="0" tests="1" name="com.atmecs.automating_travelsite.HandlingWindow" time="15.500" errors="0" timestamp="2020-09-28T15:28:21 IST" skipped="0">
  <testcase classname="com.atmecs.automating_travelsite.HandlingWindow" name="handlingWindow" time="15.500"/>
  <system-out/>
</testsuite> <!-- com.atmecs.automating_travelsite.HandlingWindow -->
