<?xml version="1.0" encoding="UTF-8"?>
<!-- Generated by org.testng.reporters.JUnitReportReporter -->
<testsuite hostname="ATMECSINLT-601" failures="0" tests="6" name="com.atmecs.automating_travelsite.HandlingWindow" time="194.728" errors="0" timestamp="2020-09-28T19:45:02 IST" skipped="0">
  <testcase classname="com.atmecs.automating_travelsite.HandlingWindow" name="handlingWindow" time="18.968"/>
  <system-out/>
  <testcase classname="com.atmecs.automating_travelsite.HandlingWindow" name="handlingWindow" time="19.659"/>
  <system-out/>
  <testcase classname="com.atmecs.automating_travelsite.HandlingWindow" name="handlingWindow" time="46.546"/>
  <system-out/>
  <testcase classname="com.atmecs.automating_travelsite.HandlingWindow" name="handlingWindow" time="53.382"/>
  <system-out/>
  <testcase classname="com.atmecs.automating_travelsite.HandlingWindow" name="handlingWindow" time="29.839"/>
  <system-out/>
  <testcase classname="com.atmecs.automating_travelsite.HandlingWindow" name="handlingWindow" time="26.334"/>
  <system-out/>
</testsuite> <!-- com.atmecs.automating_travelsite.HandlingWindow -->
