<?xml version="1.0" encoding="UTF-8"?>
<!-- Generated by org.testng.reporters.JUnitReportReporter -->
<testsuite hostname="ATMECSINLT-601" failures="0" tests="6" name="com.atmecs.automating_travelsite.HandlingWindow" time="200.789" errors="0" timestamp="2020-09-28T20:30:56 IST" skipped="0">
  <testcase classname="com.atmecs.automating_travelsite.HandlingWindow" name="handlingWindow" time="100.220"/>
  <system-out/>
  <testcase classname="com.atmecs.automating_travelsite.HandlingWindow" name="handlingWindow" time="20.175"/>
  <system-out/>
  <testcase classname="com.atmecs.automating_travelsite.HandlingWindow" name="handlingWindow" time="21.824"/>
  <system-out/>
  <testcase classname="com.atmecs.automating_travelsite.HandlingWindow" name="handlingWindow" time="23.283"/>
  <system-out/>
  <testcase classname="com.atmecs.automating_travelsite.HandlingWindow" name="handlingWindow" time="12.814"/>
  <system-out/>
  <testcase classname="com.atmecs.automating_travelsite.HandlingWindow" name="handlingWindow" time="22.473"/>
  <system-out/>
</testsuite> <!-- com.atmecs.automating_travelsite.HandlingWindow -->
