<?xml version="1.0" encoding="UTF-8"?>
<!-- Generated by org.testng.reporters.JUnitReportReporter -->
<testsuite hostname="ATMECSINLT-601" failures="0" tests="1" name="com.atmecs.automating_travelsite.HandlingWindow" time="112.057" errors="0" timestamp="2020-09-25T14:48:33 IST" skipped="0">
  <testcase classname="com.atmecs.automating_travelsite.HandlingWindow" name="handlinWindow" time="112.057"/>
  <system-out/>
</testsuite> <!-- com.atmecs.automating_travelsite.HandlingWindow -->
