<?xml version="1.0" encoding="UTF-8"?>
<!-- Generated by org.testng.reporters.JUnitReportReporter -->
<testsuite hostname="ATMECSINLT-601" failures="0" tests="6" name="com.atmecs.automating_travelsite.SearchingFlight" time="198.275" errors="0" timestamp="2020-09-28T19:45:02 IST" skipped="0">
  <testcase classname="com.atmecs.automating_travelsite.SearchingFlight" name="searchingFlight" time="26.497"/>
  <system-out/>
  <testcase classname="com.atmecs.automating_travelsite.SearchingFlight" name="searchingFlight" time="38.408"/>
  <system-out/>
  <testcase classname="com.atmecs.automating_travelsite.SearchingFlight" name="searchingFlight" time="17.245"/>
  <system-out/>
  <testcase classname="com.atmecs.automating_travelsite.SearchingFlight" name="searchingFlight" time="24.892"/>
  <system-out/>
  <testcase classname="com.atmecs.automating_travelsite.SearchingFlight" name="searchingFlight" time="53.203"/>
  <system-out/>
  <testcase classname="com.atmecs.automating_travelsite.SearchingFlight" name="searchingFlight" time="38.030"/>
  <system-out/>
</testsuite> <!-- com.atmecs.automating_travelsite.SearchingFlight -->
