<?xml version="1.0" encoding="UTF-8"?>
<!-- Generated by org.testng.reporters.JUnitReportReporter -->
<testsuite hostname="ATMECSINLT-601" failures="0" tests="1" name="com.atmecs.automating_travelsite.SearchingFlights" time="1.393" errors="0" timestamp="2020-09-23T14:46:58 IST" skipped="0">
  <testcase classname="com.atmecs.automating_travelsite.SearchingFlights" name="twoWayTripSelectionTest" time="1.393"/>
  <system-out/>
</testsuite> <!-- com.atmecs.automating_travelsite.SearchingFlights -->
