<?xml version="1.0" encoding="UTF-8"?>
<!-- Generated by org.testng.reporters.JUnitReportReporter -->
<testsuite hostname="ATMECSINLT-601" failures="0" tests="1" name="com.atmecs.automating_travelsite.SearchingFlight" time="24.317" errors="0" timestamp="2020-09-25T15:06:21 IST" skipped="0">
  <testcase classname="com.atmecs.automating_travelsite.SearchingFlight" name="searchingFlight" time="24.317"/>
  <system-out/>
</testsuite> <!-- com.atmecs.automating_travelsite.SearchingFlight -->
