<?xml version="1.0" encoding="UTF-8"?>
<!-- Generated by org.testng.reporters.JUnitReportReporter -->
<testsuite hostname="ATMECSINLT-601" failures="0" tests="1" name="com.atmecs.automating_travelsite.LoginWindowHandling" time="6.785" errors="0" timestamp="2020-09-23T11:41:41 IST" skipped="0">
  <testcase classname="com.atmecs.automating_travelsite.LoginWindowHandling" name="handlingWindowTest" time="6.785"/>
  <system-out/>
</testsuite> <!-- com.atmecs.automating_travelsite.LoginWindowHandling -->
